
> zensure-dashboard@0.1.0 start
> react-scripts start

Starting the development server...

Compiled with warnings.

[eslint] 
src\pages\Claims.tsx
  Line 57:6:  React Hook useEffect has a missing dependency: 'fetchClaims'. Either include it or remove the dependency array  react-hooks/exhaustive-deps

src\pages\FraudMonitor.tsx
  Line 45:6:  React Hook useEffect has a missing dependency: 'fetchData'. Either include it or remove the dependency array  react-hooks/exhaustive-deps

src\pages\Overview.tsx
  Line 143:6:  React Hook useEffect has missing dependencies: 'fetchClaims', 'fetchFeed', and 'fetchOverview'. Either include them or remove the dependency array  react-hooks/exhaustive-deps
  Line 150:6:  React Hook useEffect has a missing dependency: 'fetchFeed'. Either include it or remove the dependency array                                        react-hooks/exhaustive-deps

Search for the keywords to learn more about each warning.
To ignore, add // eslint-disable-next-line to the line before.

[1m[33mWARNING[39m[22m in [1m[eslint] 
src\pages\Claims.tsx
  Line 57:6:  React Hook useEffect has a missing dependency: 'fetchClaims'. Either include it or remove the dependency array  react-hooks/exhaustive-deps

src\pages\FraudMonitor.tsx
  Line 45:6:  React Hook useEffect has a missing dependency: 'fetchData'. Either include it or remove the dependency array  react-hooks/exhaustive-deps

src\pages\Overview.tsx
  Line 143:6:  React Hook useEffect has missing dependencies: 'fetchClaims', 'fetchFeed', and 'fetchOverview'. Either include them or remove the dependency array  react-hooks/exhaustive-deps
  Line 150:6:  React Hook useEffect has a missing dependency: 'fetchFeed'. Either include it or remove the dependency array                                        react-hooks/exhaustive-deps

[39m[22m

webpack compiled with [1m[33m1 warning[39m[22m
No issues found.
Compiling...
Compiled with warnings.

[eslint] 
src\pages\Claims.tsx
  Line 57:6:  React Hook useEffect has a missing dependency: 'fetchClaims'. Either include it or remove the dependency array  react-hooks/exhaustive-deps

src\pages\FraudMonitor.tsx
  Line 45:6:  React Hook useEffect has a missing dependency: 'fetchData'. Either include it or remove the dependency array  react-hooks/exhaustive-deps

src\pages\Overview.tsx
  Line 143:6:  React Hook useEffect has missing dependencies: 'fetchClaims', 'fetchFeed', and 'fetchOverview'. Either include them or remove the dependency array  react-hooks/exhaustive-deps
  Line 150:6:  React Hook useEffect has a missing dependency: 'fetchFeed'. Either include it or remove the dependency array                                        react-hooks/exhaustive-deps

Search for the keywords to learn more about each warning.
To ignore, add // eslint-disable-next-line to the line before.

[1m[33mWARNING[39m[22m in [1m[eslint] 
src\pages\Claims.tsx
  Line 57:6:  React Hook useEffect has a missing dependency: 'fetchClaims'. Either include it or remove the dependency array  react-hooks/exhaustive-deps

src\pages\FraudMonitor.tsx
  Line 45:6:  React Hook useEffect has a missing dependency: 'fetchData'. Either include it or remove the dependency array  react-hooks/exhaustive-deps

src\pages\Overview.tsx
  Line 143:6:  React Hook useEffect has missing dependencies: 'fetchClaims', 'fetchFeed', and 'fetchOverview'. Either include them or remove the dependency array  react-hooks/exhaustive-deps
  Line 150:6:  React Hook useEffect has a missing dependency: 'fetchFeed'. Either include it or remove the dependency array                                        react-hooks/exhaustive-deps

[39m[22m

webpack compiled with [1m[33m1 warning[39m[22m
No issues found.
